AvideoEditor/build/outputs/logs/manifest-merger-debug-report.txt
-- Merging decision tree log ---
manifest
ADDED from src/main/AndroidManifest.xml:2:1-59:12
	package
		ADDED from src/main/AndroidManifest.xml:3:11-39
		INJECTED from src/main/AndroidManifest.xml
		INJECTED from src/main/AndroidManifest.xml
	android:versionName
		INJECTED from src/main/AndroidManifest.xml
		INJECTED from src/main/AndroidManifest.xml
	xmlns:android
		ADDED from src/main/AndroidManifest.xml:2:11-69
	android:versionCode
		INJECTED from src/main/AndroidManifest.xml
		INJECTED from src/main/AndroidManifest.xml
uses-permission#android.permission.WRITE_EXTERNAL_STORAGE
ADDED from src/main/AndroidManifest.xml:9:5-80
	android:name
		ADDED from src/main/AndroidManifest.xml:9:22-78
uses-permission#android.permission.READ_EXTERNAL_STORAGE
ADDED from src/main/AndroidManifest.xml:10:5-79
	android:name
		ADDED from src/main/AndroidManifest.xml:10:22-77
uses-permission#android.permission.CAMERA
ADDED from src/main/AndroidManifest.xml:11:5-64
	android:name
		ADDED from src/main/AndroidManifest.xml:11:22-62
uses-permission#android.permission.camera2.full
ADDED from src/main/AndroidManifest.xml:12:5-70
	android:name
		ADDED from src/main/AndroidManifest.xml:12:22-68
uses-permission#android.permission.RECORD_AUDIO
ADDED from src/main/AndroidManifest.xml:13:5-70
	android:name
		ADDED from src/main/AndroidManifest.xml:13:22-68
uses-permission#android.permission.INTERNET
ADDED from src/main/AndroidManifest.xml:14:5-66
	android:name
		ADDED from src/main/AndroidManifest.xml:14:22-64
uses-feature#android.hardware.camera
ADDED from src/main/AndroidManifest.xml:16:5-59
	android:name
		ADDED from src/main/AndroidManifest.xml:16:19-57
uses-feature#android.hardware.camera.autofocus
ADDED from src/main/AndroidManifest.xml:17:5-69
	android:name
		ADDED from src/main/AndroidManifest.xml:17:19-67
permission#android.permission.FLASHLIGHT
ADDED from src/main/AndroidManifest.xml:19:5-22:43
	android:protectionLevel
		ADDED from src/main/AndroidManifest.xml:22:9-41
	android:permissionGroup
		ADDED from src/main/AndroidManifest.xml:21:9-77
	android:name
		ADDED from src/main/AndroidManifest.xml:20:9-53
application
ADDED from src/main/AndroidManifest.xml:24:5-57:19
MERGED from [VideoEditing:library:unspecified] AndroidManifest.xml:11:5-14:19
MERGED from [com.android.support:appcompat-v7:25.2.0] AndroidManifest.xml:25:5-20
MERGED from [com.android.support:support-v4:25.2.0] AndroidManifest.xml:25:5-20
MERGED from [com.android.support:support-fragment:25.2.0] AndroidManifest.xml:25:5-20
MERGED from [com.android.support:support-media-compat:25.2.0] AndroidManifest.xml:25:5-20
MERGED from [com.android.support:support-core-ui:25.2.0] AndroidManifest.xml:25:5-20
MERGED from [com.android.support:support-core-utils:25.2.0] AndroidManifest.xml:25:5-20
MERGED from [com.android.support:animated-vector-drawable:25.2.0] AndroidManifest.xml:22:5-20
MERGED from [com.android.support:support-vector-drawable:25.2.0] AndroidManifest.xml:23:5-20
MERGED from [com.android.support:support-compat:25.2.0] AndroidManifest.xml:25:5-20
	android:label
		ADDED from src/main/AndroidManifest.xml:28:9-41
	android:hardwareAccelerated
		ADDED from src/main/AndroidManifest.xml:26:9-43
	android:allowBackup
		ADDED from src/main/AndroidManifest.xml:25:9-35
	android:icon
		ADDED from src/main/AndroidManifest.xml:27:9-43
	android:theme
		ADDED from src/main/AndroidManifest.xml:29:9-40
activity#org.wysaid.cgeDemo.MainActivity
ADDED from src/main/AndroidManifest.xml:30:9-38:20
	android:label
		ADDED from src/main/AndroidManifest.xml:32:13-45
	android:name
		ADDED from src/main/AndroidManifest.xml:31:13-41
intent-filter#android.intent.action.MAIN+android.intent.category.LAUNCHER
ADDED from src/main/AndroidManifest.xml:33:13-37:29
action#android.intent.action.MAIN
ADDED from src/main/AndroidManifest.xml:34:17-68
	android:name
		ADDED from src/main/AndroidManifest.xml:34:25-66
category#android.intent.category.LAUNCHER
ADDED from src/main/AndroidManifest.xml:36:17-76
	android:name
		ADDED from src/main/AndroidManifest.xml:36:27-74
activity#org.wysaid.cgeDemo.BasicImageDemoActivity
ADDED from src/main/AndroidManifest.xml:39:9-41:66
	android:label
		ADDED from src/main/AndroidManifest.xml:41:13-64
	android:name
		ADDED from src/main/AndroidManifest.xml:40:13-51
activity#org.wysaid.cgeDemo.ImageDemoActivity
ADDED from src/main/AndroidManifest.xml:42:9-44:65
	android:label
		ADDED from src/main/AndroidManifest.xml:44:13-63
	android:name
		ADDED from src/main/AndroidManifest.xml:43:13-46
activity#org.wysaid.cgeDemo.CameraDemoActivity
ADDED from src/main/AndroidManifest.xml:45:9-48:51
	android:screenOrientation
		ADDED from src/main/AndroidManifest.xml:48:13-49
	android:label
		ADDED from src/main/AndroidManifest.xml:47:13-63
	android:name
		ADDED from src/main/AndroidManifest.xml:46:13-47
activity#org.wysaid.cgeDemo.SimplePlayerDemoActivity
ADDED from src/main/AndroidManifest.xml:49:9-51:66
	android:label
		ADDED from src/main/AndroidManifest.xml:51:13-64
	android:name
		ADDED from src/main/AndroidManifest.xml:50:13-53
activity#org.wysaid.cgeDemo.VideoPlayerDemoActivity
ADDED from src/main/AndroidManifest.xml:52:9-60
	android:name
		ADDED from src/main/AndroidManifest.xml:52:19-58
activity#org.wysaid.cgeDemo.TestCaseActivity
ADDED from src/main/AndroidManifest.xml:53:9-53
	android:name
		ADDED from src/main/AndroidManifest.xml:53:19-51
activity#org.wysaid.cgeDemo.FaceTrackingDemoActivity
ADDED from src/main/AndroidManifest.xml:54:9-56:72
	android:label
		ADDED from src/main/AndroidManifest.xml:56:13-69
	android:name
		ADDED from src/main/AndroidManifest.xml:55:13-53
uses-sdk
INJECTED from src/main/AndroidManifest.xml reason: use-sdk injection requested
MERGED from [VideoEditing:library:unspecified] AndroidManifest.xml:7:5-9:41
MERGED from [com.android.support:appcompat-v7:25.2.0] AndroidManifest.xml:21:5-23:78
MERGED from [com.android.support:support-v4:25.2.0] AndroidManifest.xml:21:5-23:54
MERGED from [com.android.support:support-fragment:25.2.0] AndroidManifest.xml:21:5-23:60
MERGED from [com.android.support:support-media-compat:25.2.0] AndroidManifest.xml:21:5-23:63
MERGED from [com.android.support:support-core-ui:25.2.0] AndroidManifest.xml:21:5-23:58
MERGED from [com.android.support:support-core-utils:25.2.0] AndroidManifest.xml:21:5-23:61
MERGED from [com.android.support:animated-vector-drawable:25.2.0] AndroidManifest.xml:20:5-44
MERGED from [com.android.support:support-vector-drawable:25.2.0] AndroidManifest.xml:21:5-43
MERGED from [com.android.support:support-compat:25.2.0] AndroidManifest.xml:21:5-23:58
	tools:overrideLibrary
		ADDED from [com.android.support:appcompat-v7:25.2.0] AndroidManifest.xml:23:9-75
	android:targetSdkVersion
		INJECTED from src/main/AndroidManifest.xml
		INJECTED from src/main/AndroidManifest.xml
	android:minSdkVersion
		INJECTED from src/main/AndroidManifest.xml
		INJECTED from src/main/AndroidManifest.xml